# Bundle file v0.3
8 236
0 0 0
0 0 0
0 0 0
0 0 0
0 0 0
-5.6935386878e+02 -1.2662795989e-03 -9.1243728576e-05
9.9999994802e-01 2.9759585829e-05 -3.2104420011e-04
-2.8514726531e-05 9.9999248462e-01 3.8768404011e-03
3.2115716051e-04 -3.8768310451e-03 9.9999243349e-01
5.9370281204e-04 -8.7329367515e-03 1.6721341485e-01
-5.6935386878e+02 -1.2662795989e-03 -9.1243728577e-05
9.9999994802e-01 2.9759585829e-05 -3.2104420013e-04
-2.8514726531e-05 9.9999248462e-01 3.8768404008e-03
3.2115716052e-04 -3.8768310448e-03 9.9999243349e-01
5.9370281210e-04 -8.7329367509e-03 1.6721341485e-01
0 0 0
0 0 0
0 0 0
0 0 0
0 0 0
0 0 0
0 0 0
0 0 0
0 0 0
0 0 0
0 0 0
0 0 0
0 0 0
0 0 0
0 0 0
0 0 0
0 0 0
0 0 0
0 0 0
0 0 0
0 0 0
0 0 0
0 0 0
0 0 0
0 0 0
2.5191049037e-01 2.2963148943e-01 3.0007448840e+00
141 171 199
2 1 0 45.2200 41.8000 2 0 45.2200 41.8000
2.5191049037e-01 2.2963148943e-01 3.0007448840e+00
141 171 199
2 1 1 45.2200 41.8000 2 1 45.2200 41.8000
5.2949975426e-01 -2.7769405297e-01 3.0012166711e+00
77 58 51
2 1 2 95.0400 -49.3600 2 2 95.0400 -49.3600
-4.4922274495e-01 -2.8140513406e-01 3.0010209601e+00
68 48 25
2 1 3 -80.7700 -50.0300 2 3 -80.7700 -50.0300
3.3670412230e-01 -2.3970668244e-01 3.0004826115e+00
205 217 229
2 1 4 60.4300 -42.5500 2 4 60.4300 -42.5500
-4.1134976260e-02 -2.4991283411e-01 3.0000470470e+00
214 205 154
2 1 5 -7.4600 -44.3900 2 5 -7.4600 -44.3900
-7.7421011425e-01 -1.0688777445e-01 3.0026388793e+00
197 208 225
2 1 6 -139.1100 -18.6700 2 6 -139.1100 -18.6700
-1.2139404488e-01 2.5318120101e-01 3.0006460171e+00
121 154 196
2 1 7 -21.8900 46.0400 2 7 -21.8900 46.0400
-2.0453108990e-01 -2.7893815223e-01 3.0002865686e+00
139 93 42
2 1 8 -36.8200 -49.6000 2 8 -36.8200 -49.6000
-7.2046714841e-01 -2.4009205627e-01 3.0023353684e+00
45 41 31
2 1 9 -129.4500 -42.5900 2 9 -129.4500 -42.5900
7.6613405965e-01 -8.0786967323e-02 3.0023822542e+00
118 85 31
2 1 10 137.5200 -13.9900 2 10 137.5200 -13.9900
-1.2318903873e-01 -7.1385806598e-02 3.0000410704e+00
123 173 208
2 1 11 -22.2100 -12.3100 2 11 -22.2100 -12.3100
1.4061953123e-01 -2.8532723161e-01 3.0001523420e+00
224 206 162
2 1 12 25.2000 -50.7500 2 12 25.2000 -50.7500
-2.6070699323e-01 -3.1113621072e-01 3.0004593081e+00
127 96 52
2 1 13 -46.9100 -55.3800 2 13 -46.9100 -55.3800
-2.6070699323e-01 -3.1113621072e-01 3.0004593081e+00
127 96 52
2 1 14 -46.9100 -55.3800 2 14 -46.9100 -55.3800
-3.0955102054e-01 -2.4232641006e-01 3.0004938300e+00
223 223 230
2 1 15 -55.6900 -43.0200 2 15 -55.6900 -43.0200
6.4604418225e-01 -1.6523684324e-01 3.0016918727e+00
219 227 229
2 1 16 115.9700 -29.1600 2 16 115.9700 -29.1600
-6.1325469869e-01 9.3784521655e-03 3.0017749408e+00
124 174 216
2 1 17 -110.2500 2.2100 2 17 -110.2500 2.2100
6.8267410288e-01 -2.2378603900e-01 3.0019124328e+00
33 25 6
2 1 18 122.5300 -39.6700 2 18 122.5300 -39.6700
4.3546316910e-01 -2.0164842690e-01 3.0007700783e+00
212 221 230
2 1 19 78.1700 -35.7100 2 19 78.1700 -35.7100
-8.0607984713e-01 -1.8526398662e-01 3.0028420043e+00
218 227 232
2 1 20 -144.8100 -32.7400 2 20 -144.8100 -32.7400
5.1892429457e-01 -1.5412255139e-01 3.0010817968e+00
127 118 121
2 1 21 93.1600 -27.1700 2 21 93.1600 -27.1700
-5.1599343613e-01 -3.8393791902e-01 3.0014741473e+00
77 80 40
2 1 22 -92.7400 -68.4300 2 22 -92.7400 -68.4300
-1.7561677455e-01 -3.6959590059e-01 3.0003974736e+00
234 201 135
2 1 23 -31.6200 -65.8800 2 23 -31.6200 -65.8800
4.3544898793e-01 -3.3045978837e-01 3.0009233014e+00
58 50 30
2 1 24 78.1500 -58.8400 2 24 78.1500 -58.8400
2.6604698014e-01 -3.2856377323e-01 3.0004318081e+00
43 31 22
2 1 25 47.7300 -58.5100 2 25 47.7300 -58.5100
7.9852032206e-02 -3.1839751259e-01 3.0001549545e+00
242 203 145
2 1 26 14.2800 -56.6900 2 26 14.2800 -56.6900
-1.5154268482e-01 -2.6038923596e-01 3.0001702099e+00
89 59 35
2 1 27 -27.3000 -46.2700 2 27 -27.3000 -46.2700
5.2595158443e-01 -2.3469617100e-01 3.0011565090e+00
69 47 30
2 1 28 94.4100 -41.6400 2 28 94.4100 -41.6400
5.2595158443e-01 -2.3469617100e-01 3.0011565090e+00
69 47 30
2 1 29 94.4100 -41.6400 2 29 94.4100 -41.6400
6.8066338011e-01 -2.2044304081e-01 3.0018994204e+00
56 47 28
2 1 30 122.1700 -39.0700 2 30 122.1700 -39.0700
4.3563387177e-01 -2.0699342580e-01 3.0007743908e+00
214 223 230
2 1 31 78.2000 -36.6700 2 31 78.2000 -36.6700
-3.9664743199e-01 -1.8283653296e-01 3.0007286957e+00
186 210 231
2 1 32 -71.3400 -32.3300 2 32 -71.3400 -32.3300
5.1814454099e-01 -1.5434507323e-01 3.0010784784e+00
121 113 116
2 1 33 93.0200 -27.2100 2 33 93.0200 -27.2100
5.1814454099e-01 -1.5434507323e-01 3.0010784784e+00
121 113 116
2 1 34 93.0200 -27.2100 2 34 93.0200 -27.2100
-7.4913272585e-01 -1.2837622206e-01 3.0024755134e+00
211 222 234
2 1 35 -134.6100 -22.5300 2 35 -134.6100 -22.5300
-8.1556778528e-01 1.1114829664e-01 3.0031763239e+00
133 169 209
2 1 36 -146.5500 20.4900 2 36 -146.5500 20.4900
2.4622631721e-01 -3.2555138006e-01 3.0003847124e+00
42 36 31
2 1 37 44.1700 -57.9700 2 37 44.1700 -57.9700
-1.3825642893e-01 -3.2642521809e-01 3.0002546316e+00
84 59 33
2 1 38 -24.9100 -58.1300 2 38 -24.9100 -58.1300
-1.3825642893e-01 -3.2642521809e-01 3.0002546316e+00
84 59 33
2 1 39 -24.9100 -58.1300 2 39 -24.9100 -58.1300
6.2539805823e-01 -3.1166712398e-01 3.0017050285e+00
41 32 28
2 1 40 112.2400 -55.4500 2 40 112.2400 -55.4500
-3.1797803155e-01 -2.8414408545e-01 3.0005705982e+00
210 222 210
2 1 41 -57.2000 -50.5300 2 41 -57.2000 -50.5300
-3.1797803155e-01 -2.8414408545e-01 3.0005705982e+00
210 222 210
2 1 42 -57.2000 -50.5300 2 42 -57.2000 -50.5300
6.3823126298e-01 -2.7050243703e-01 3.0017192880e+00
179 178 175
2 1 43 114.5500 -48.0600 2 43 114.5500 -48.0600
8.1741451947e-01 -2.4730695923e-01 3.0027109530e+00
46 36 12
2 1 44 146.6800 -43.8800 2 44 146.6800 -43.8800
-2.7119988957e-01 -2.4688254887e-01 3.0003951230e+00
219 226 231
2 1 45 -48.8000 -43.8400 2 45 -48.8000 -43.8400
4.3335764499e-01 -2.1746033716e-01 3.0007740333e+00
215 222 230
2 1 46 77.7900 -38.5500 2 46 77.7900 -38.5500
-7.5142230350e-01 -1.3194104164e-01 3.0024893331e+00
217 228 239
2 1 47 -135.0200 -23.1700 2 47 -135.0200 -23.1700
-5.1573237150e-01 -1.2931461878e-01 3.0012045007e+00
61 36 23
2 1 48 -92.7300 -22.7100 2 48 -92.7300 -22.7100
7.8825970256e-01 -1.2016638381e-01 3.0025017614e+00
72 53 25
2 1 49 141.4800 -21.0600 2 49 141.4800 -21.0600
-8.4069022012e-01 -9.1423184092e-02 3.0030838849e+00
191 207 225
2 1 50 -151.0300 -15.8900 2 50 -151.0300 -15.8900
-3.3282387579e-01 -3.4741607742e-01 3.0007202347e+00
69 67 31
2 1 51 -59.8600 -61.8900 2 51 -59.8600 -61.8900
-2.4340519922e-01 -3.3569165408e-01 3.0004622394e+00
79 50 13
2 1 52 -43.8000 -59.7900 2 52 -43.8000 -59.7900
-5.2909917295e-01 -3.3814626037e-01 3.0014474930e+00
86 98 46
2 1 53 -95.1000 -60.2100 2 53 -95.1000 -60.2100
2.7952025154e-01 -3.2879019136e-01 3.0004624412e+00
46 34 20
2 1 54 50.1500 -58.5500 2 54 50.1500 -58.5500
5.5595603292e-01 -3.2121295293e-01 3.0013921264e+00
27 17 6
2 1 55 99.7800 -57.1700 2 55 99.7800 -57.1700
8.2548252615e-01 -3.1290670452e-01 3.0028211439e+00
24 17 6
2 1 56 148.1100 -55.6500 2 56 148.1100 -55.6500
6.9331692913e-01 -3.1482688372e-01 3.0020602250e+00
50 42 30
2 1 57 124.4200 -56.0100 2 57 124.4200 -56.0100
-4.0279531763e-01 -3.0962338918e-01 3.0008855239e+00
22 4 0
2 1 58 -72.4300 -55.1000 2 58 -72.4300 -55.1000
-6.5479967542e-01 -3.0406582624e-01 3.0020263234e+00
48 46 29
2 1 59 -117.6600 -54.0800 2 59 -117.6600 -54.0800
-1.0129536753e-01 -2.9278688554e-01 3.0001531622e+00
239 218 160
2 1 60 -18.2700 -52.0900 2 60 -18.2700 -52.0900
7.4035213299e-01 -2.8270285577e-01 3.0022831099e+00
60 57 36
2 1 61 132.8600 -50.2400 2 61 132.8600 -50.2400
3.8997153249e-02 -2.6917413338e-01 3.0000608270e+00
218 199 156
2 1 62 6.9400 -47.8500 2 62 6.9400 -47.8500
3.8997153249e-02 -2.6917413338e-01 3.0000608270e+00
218 199 156
2 1 63 6.9400 -47.8500 2 63 6.9400 -47.8500
4.6105809235e-01 -2.4347262162e-01 3.0009004894e+00
118 103 99
2 1 64 82.7600 -43.2200 2 64 82.7600 -43.2200
8.9793900975e-02 -2.0649426943e-01 3.0000139768e+00
49 50 25
2 1 65 16.0700 -36.5900 2 65 16.0700 -36.5900
-3.8668718072e-01 -1.9368924084e-01 3.0006993690e+00
206 223 230
2 1 66 -69.5500 -34.2800 2 66 -69.5500 -34.2800
7.9304060634e-01 -1.5904659820e-01 3.0025275191e+00
59 39 15
2 1 67 142.3300 -28.0400 2 67 142.3300 -28.0400
-7.9487151765e-01 -1.3368171409e-01 3.0027659229e+00
159 136 135
2 1 68 -142.8100 -23.4800 2 68 -142.8100 -23.4800
-7.9487151765e-01 -1.3368171409e-01 3.0027659229e+00
159 136 135
2 1 69 -142.8100 -23.4800 2 69 -142.8100 -23.4800
5.4954523744e-01 -1.2573589741e-01 3.0012152391e+00
220 225 227
2 1 70 98.6600 -22.0700 2 70 98.6600 -22.0700
6.9728699890e-01 -3.8739246619e-02 3.0020088443e+00
228 225 233
2 1 71 125.1800 -6.4400 2 71 125.1800 -6.4400
-5.4898515161e-01 -2.9632589005e-02 3.0014037685e+00
118 171 216
2 1 72 -98.7100 -4.8000 2 72 -98.7100 -4.8000
7.3898532842e-01 -2.4877945119e-02 3.0022621064e+00
113 81 49
2 1 73 132.6600 -3.9500 2 73 132.6600 -3.9500
-8.2442477239e-01 2.4684659489e-02 3.0030840101e+00
170 194 227
2 1 74 -148.1300 4.9600 2 74 -148.1300 4.9600
7.5196906071e-01 -3.7656548752e-01 3.0024772605e+00
70 80 16
2 1 75 134.9200 -67.0800 2 75 134.9200 -67.0800
6.7447387480e-02 -3.5788233721e-01 3.0002250551e+00
91 94 33
2 1 76 12.0500 -63.7800 2 76 12.0500 -63.7800
-3.3260074082e-01 -3.4674760829e-01 3.0007182863e+00
67 65 30
2 1 77 -59.8200 -61.7700 2 77 -59.8200 -61.7700
-1.9842692188e-01 -3.3367596273e-01 3.0003653477e+00
70 34 3
2 1 78 -35.7200 -59.4300 2 78 -35.7200 -59.4300
6.5765130692e-04 -3.3198301398e-01 3.0001620638e+00
189 177 142
2 1 79 0.0500 -59.1300 2 79 0.0500 -59.1300
7.4643686473e-01 -3.2951757695e-01 3.0023740392e+00
10 9 4
2 1 80 133.9400 -58.6400 2 80 133.9400 -58.6400
7.4643686473e-01 -3.2951757695e-01 3.0023740392e+00
10 9 4
2 1 81 133.9400 -58.6400 2 81 133.9400 -58.6400
-8.6087856853e-01 -3.2198183953e-01 3.0033030835e+00
110 124 58
2 1 82 -154.6000 -57.2700 2 82 -154.6000 -57.2700
1.9996215100e-01 -3.1429194006e-01 3.0002805490e+00
84 66 49
2 1 83 35.8600 -55.9500 2 83 35.8600 -55.9500
8.2514727379e-01 -3.1262784970e-01 3.0028187628e+00
23 16 5
2 1 84 148.0500 -55.6000 2 84 148.0500 -55.6000
8.2514727379e-01 -3.1262784970e-01 3.0028187628e+00
23 16 5
2 1 85 148.0500 -55.6000 2 85 148.0500 -55.6000
4.4200390394e-01 -3.0851552223e-01 3.0009114842e+00
56 41 27
2 1 86 79.3300 -54.9000 2 86 79.3300 -54.9000
3.1937280807e-01 -3.0758197517e-01 3.0005249744e+00
224 220 210
2 1 87 57.3100 -54.7400 2 87 57.3100 -54.7400
-7.0375266350e-01 -3.0314827987e-01 3.0023003182e+00
27 25 10
2 1 88 -126.4400 -53.9100 2 88 -126.4400 -53.9100
2.2845553584e-01 -2.9809238375e-01 3.0003039696e+00
215 218 232
2 1 89 40.9800 -53.0400 2 89 40.9800 -53.0400
-6.2061471886e-02 -2.9534478753e-01 3.0001234539e+00
219 201 155
2 1 90 -11.2200 -52.5500 2 90 -11.2200 -52.5500
-6.4396973332e-01 -2.9007611954e-01 3.0019499199e+00
37 32 26
2 1 91 -115.7200 -51.5700 2 91 -115.7200 -51.5700
7.9218664734e-01 -2.8663457622e-01 3.0025905736e+00
204 198 195
2 1 92 142.1500 -50.9400 2 92 142.1500 -50.9400
7.9218664734e-01 -2.8663457622e-01 3.0025905736e+00
204 198 195
2 1 93 142.1500 -50.9400 2 93 142.1500 -50.9400
8.3816788062e-01 -2.8376541959e-01 3.0028695522e+00
77 71 43
2 1 94 150.3900 -50.4200 2 94 150.3900 -50.4200
4.1485699545e-01 -2.8060173840e-01 3.0007758937e+00
210 218 222
2 1 95 74.4600 -49.8900 2 95 74.4600 -49.8900
-2.8173570186e-01 -2.8146127382e-01 3.0004664762e+00
61 45 38
2 1 96 -50.6900 -50.0500 2 96 -50.6900 -50.0500
8.6186696682e-01 -2.6633589038e-01 3.0030046112e+00
30 21 9
2 1 97 154.6400 -47.2900 2 97 154.6400 -47.2900
4.1684196975e-01 -2.5303650414e-01 3.0007493091e+00
22 27 34
2 1 98 74.8200 -44.9400 2 98 74.8200 -44.9400
5.7767774479e-01 -2.5103459474e-01 3.0014042534e+00
50 34 20
2 1 99 103.6900 -44.5700 2 99 103.6900 -44.5700
-1.8542499375e-01 -2.2259461371e-01 3.0001833020e+00
198 216 230
2 1 100 -33.3900 -39.4800 2 100 -33.3900 -39.4800
-7.8642565647e-01 -2.2034989845e-01 3.0027291836e+00
57 49 29
2 1 101 -141.2800 -39.0400 2 101 -141.2800 -39.0400
-2.1313577611e-01 -2.0912800285e-01 3.0002244680e+00
30 54 64
2 1 102 -38.3700 -37.0600 2 102 -38.3700 -37.0600
-2.1313577611e-01 -2.0912800285e-01 3.0002244680e+00
30 54 64
2 1 103 -38.3700 -37.0600 2 103 -38.3700 -37.0600
-2.5771526202e-01 -2.0885748653e-01 3.0003242704e+00
65 72 79
2 1 104 -46.3800 -37.0100 2 104 -46.3800 -37.0100
6.3470423254e-01 -1.9998402371e-01 3.0016460410e+00
223 222 227
2 1 105 113.9300 -35.4000 2 105 113.9300 -35.4000
-3.8702182792e-01 -1.9480272629e-01 3.0007012670e+00
208 224 228
2 1 106 -69.6100 -34.4800 2 106 -69.6100 -34.4800
-7.5785156044e-01 -1.4948597333e-01 3.0025287029e+00
232 231 229
2 1 107 -136.1700 -26.3200 2 107 -136.1700 -26.3200
5.1534730532e-01 -1.3753143260e-01 3.0010638167e+00
115 113 120
2 1 108 92.5200 -24.1900 2 108 92.5200 -24.1900
5.1534730532e-01 -1.3753143260e-01 3.0010638167e+00
115 113 120
2 1 109 92.5200 -24.1900 2 109 92.5200 -24.1900
-5.8463947324e-01 -3.3531943061e-02 3.0015801138e+00
47 42 48
2 1 110 -105.1100 -5.5000 2 110 -105.1100 -5.5000
-5.8463947324e-01 -3.3531943061e-02 3.0015801138e+00
47 42 48
2 1 111 -105.1100 -5.5000 2 111 -105.1100 -5.5000
8.4636915597e-01 -2.3824701659e-02 3.0029315301e+00
220 219 230
2 1 112 151.9100 -3.7600 2 112 151.9100 -3.7600
7.4048921534e-01 -2.2428176876e-02 3.0022734022e+00
120 87 56
2 1 113 132.9300 -3.5100 2 113 132.9300 -3.5100
-8.0659148696e-01 -1.7069742869e-03 3.0029300709e+00
80 98 128
2 1 114 -144.9300 0.2200 2 114 -144.9300 0.2200
-7.0796082134e-01 -4.1182794459e-01 3.0025015665e+00
58 61 17
2 1 115 -127.1700 -73.4100 2 115 -127.1700 -73.4100
-6.3305231976e-01 -3.9677628990e-01 3.0020636652e+00
46 59 17
2 1 116 -113.7400 -70.7200 2 116 -113.7400 -70.7200
8.7455708174e-01 -3.5497621647e-01 3.0031807358e+00
103 113 52
2 1 117 156.8900 -63.1900 2 117 156.8900 -63.1900
7.3620438250e-01 -3.5358825977e-01 3.0023514053e+00
107 115 69
2 1 118 132.1000 -62.9600 2 118 132.1000 -62.9600
5.0588480737e-01 -3.4781847228e-01 3.0012222423e+00
104 108 64
2 1 119 90.7900 -61.9500 2 119 90.7900 -61.9500
-2.6350600199e-01 -3.4483134944e-01 3.0005267840e+00
93 72 31
2 1 120 -47.4100 -61.4300 2 120 -47.4100 -61.4300
3.2412664505e-01 -3.4100159931e-01 3.0005954554e+00
74 64 34
2 1 121 58.1600 -60.7400 2 121 58.1600 -60.7400
8.3422272993e-01 -3.3587849934e-01 3.0029030281e+00
34 29 22
2 1 122 149.6700 -59.7700 2 122 149.6700 -59.7700
3.5100877209e-01 -3.2045738734e-01 3.0006337423e+00
53 29 3
2 1 123 62.9900 -57.0500 2 123 62.9900 -57.0500
4.2179113113e-01 -3.1686261217e-01 3.0008529161e+00
154 137 110
2 1 124 75.7000 -56.4000 2 124 75.7000 -56.4000
4.2179113113e-01 -3.1686261217e-01 3.0008529161e+00
154 137 110
2 1 125 75.7000 -56.4000 2 125 75.7000 -56.4000
-2.9311050681e-01 -3.1888628217e-01 3.0005552790e+00
24 3 1
2 1 126 -52.7300 -56.7700 2 126 -52.7300 -56.7700
-8.5432139054e-01 -3.0263633836e-01 3.0032377464e+00
27 23 17
2 1 127 -153.4300 -53.8000 2 127 -153.4300 -53.8000
-5.8577461154e-01 -2.8414031956e-01 3.0016397144e+00
33 32 14
2 1 128 -105.2800 -50.5100 2 128 -105.2800 -50.5100
-5.4559499368e-01 -2.8077872436e-01 3.0014401578e+00
28 27 11
2 1 129 -98.0700 -49.9100 2 129 -98.0700 -49.9100
5.4031128413e-01 -2.7914694300e-01 3.0012654337e+00
48 29 21
2 1 130 96.9800 -49.6200 2 130 96.9800 -49.6200
-5.1471043888e-01 -2.5798588756e-01 3.0012712738e+00
33 25 7
2 1 131 -92.5300 -45.8200 2 131 -92.5300 -45.8200
7.4137750531e-01 -2.5406403404e-01 3.0022623399e+00
149 141 105
2 1 132 133.0500 -45.1000 2 132 133.0500 -45.1000
-1.6150006961e-01 -2.4246447948e-01 3.0001637327e+00
80 62 51
2 1 133 -29.0900 -43.0500 2 133 -29.0900 -43.0500
5.0177302875e-01 -2.3585713802e-01 3.0010553146e+00
62 43 33
2 1 134 90.0700 -41.8500 2 134 90.0700 -41.8500
1.0627030245e-01 -2.3427158896e-01 3.0000530832e+00
226 208 167
2 1 135 19.0300 -41.5800 2 135 19.0300 -41.5800
5.3118338877e-01 -2.2812664873e-01 3.0011736571e+00
70 50 30
2 1 136 95.3500 -40.4600 2 136 95.3500 -40.4600
5.3118338877e-01 -2.2812664873e-01 3.0011736571e+00
70 50 30
2 1 137 95.3500 -40.4600 2 137 95.3500 -40.4600
-8.1001917582e-01 -2.1640659626e-01 3.0028791536e+00
236 229 229
2 1 138 -145.5100 -38.3300 2 138 -145.5100 -38.3300
6.7053893141e-01 -1.8796694677e-01 3.0018284373e+00
231 224 227
2 1 139 120.3600 -33.2400 2 139 120.3600 -33.2400
9.3963499692e-02 -1.8450921504e-01 3.0000005012e+00
39 37 12
2 1 140 16.8200 -32.6400 2 140 16.8200 -32.6400
-8.4451717951e-01 -1.8088046641e-01 3.0030958931e+00
225 225 229
2 1 141 -151.7000 -31.9500 2 141 -151.7000 -31.9500
-8.4451717951e-01 -1.8088046641e-01 3.0030958931e+00
225 225 229
2 1 142 -151.7000 -31.9500 2 142 -151.7000 -31.9500
5.6013542132e-02 -1.6664314734e-01 2.9999692518e+00
226 214 174
2 1 143 10.0000 -29.4300 2 143 10.0000 -29.4300
5.4232435321e-01 -1.5590967717e-01 3.0011853660e+00
127 115 117
2 1 144 97.3600 -27.4900 2 144 97.3600 -27.4900
-5.3592709092e-01 -8.8517218975e-02 3.0013056872e+00
87 71 82
2 1 145 -96.3600 -15.3800 2 145 -96.3600 -15.3800
-5.3925226083e-01 -5.8294541933e-02 3.0013357397e+00
77 98 121
2 1 146 -96.9600 -9.9500 2 146 -96.9600 -9.9500
8.6792746463e-01 -4.4154748972e-02 3.0030538467e+00
210 219 236
2 1 147 155.7700 -7.4100 2 147 155.7700 -7.4100
-6.2771368185e-01 -4.1440543738e-02 3.0018030548e+00
65 75 81
2 1 148 -112.8400 -6.9200 2 148 -112.8400 -6.9200
8.0060148534e-01 -2.2725472870e-03 3.0026621690e+00
207 214 229
2 1 149 143.7100 0.1100 2 149 143.7100 0.1100
-8.5104396949e-01 1.1654993845e-02 3.0032482399e+00
143 167 205
2 1 150 -152.9000 2.6200 2 150 -152.9000 2.6200
-8.1735908335e-01 9.5838473519e-02 3.0031570462e+00
153 167 196
2 1 151 -146.8700 17.7400 2 151 -146.8700 17.7400
1.5739669145e-01 1.3021873963e-01 3.0003101840e+00
166 178 196
2 1 152 28.2300 23.9300 2 152 28.2300 23.9300
1.4438689979e-01 -4.0958604713e-01 3.0004042458e+00
69 77 26
2 1 153 25.8700 -73.0600 2 153 25.8700 -73.0600
-1.8141758125e-01 -4.0363398480e-01 3.0004853238e+00
87 80 29
2 1 154 -32.6600 -71.9900 2 154 -32.6600 -71.9900
3.7595581475e-01 -3.9266420485e-01 3.0008488109e+00
101 93 41
2 1 155 67.4600 -70.0100 2 155 67.4600 -70.0100
4.0764738737e-01 -3.9011543782e-01 3.0009435949e+00
239 210 152
2 1 156 73.1500 -69.5500 2 156 73.1500 -69.5500
-7.7831511619e-01 -3.7988770819e-01 3.0028578059e+00
63 72 25
2 1 157 -139.7900 -67.6700 2 157 -139.7900 -67.6700
-7.7831511619e-01 -3.7988770819e-01 3.0028578059e+00
63 72 25
2 1 158 -139.7900 -67.6700 2 158 -139.7900 -67.6700
1.2043879090e-01 -3.7014141700e-01 3.0002879639e+00
105 112 52
2 1 159 21.5700 -65.9800 2 159 21.5700 -65.9800
3.2330312192e-01 -3.5910504641e-01 3.0006282329e+00
223 203 151
2 1 160 58.0100 -63.9900 2 160 58.0100 -63.9900
1.2511037638e-01 -3.5549306177e-01 3.0002612752e+00
94 94 36
2 1 161 22.4100 -63.3500 2 161 22.4100 -63.3500
-1.2668631540e-01 -3.5699906825e-01 3.0002994495e+00
219 202 151
2 1 162 -22.8300 -63.6200 2 162 -22.8300 -63.6200
-1.2668631540e-01 -3.5699906825e-01 3.0002994495e+00
219 202 151
2 1 163 -22.8300 -63.6200 2 163 -22.8300 -63.6200
8.4255433366e-02 -3.5309368024e-01 3.0002241194e+00
104 104 50
2 1 164 15.0700 -62.9200 2 164 15.0700 -62.9200
7.2813213566e-03 -3.5080692109e-01 3.0001985262e+00
83 90 39
2 1 165 1.2400 -62.5100 2 165 1.2400 -62.5100
-4.9431572254e-02 -3.4056111853e-01 3.0001960299e+00
195 189 143
2 1 166 -8.9500 -60.6700 2 166 -8.9500 -60.6700
3.0502462923e-01 -3.3587115491e-01 3.0005365945e+00
207 200 173
2 1 167 54.7300 -59.8200 2 167 54.7300 -59.8200
-1.7888948226e-01 -3.3328215971e-01 3.0003295906e+00
203 196 172
2 1 168 -32.2100 -59.3600 2 168 -32.2100 -59.3600
-1.7888948226e-01 -3.3328215971e-01 3.0003295906e+00
203 196 172
2 1 169 -32.2100 -59.3600 2 169 -32.2100 -59.3600
-9.3565092129e-02 -3.2998360102e-01 3.0002094902e+00
189 170 133
2 1 170 -16.8800 -58.7700 2 170 -16.8800 -58.7700
-4.9081774440e-01 -3.3194277711e-01 3.0012683458e+00
90 93 46
2 1 171 -88.2300 -59.1000 2 171 -88.2300 -59.1000
6.6907149117e-01 -3.2556689223e-01 3.0019465304e+00
28 22 7
2 1 172 120.0700 -57.9400 2 172 120.0700 -57.9400
6.5485259518e-01 -3.2583692428e-01 3.0018733955e+00
42 36 23
2 1 173 117.5200 -57.9900 2 173 117.5200 -57.9900
6.5485259518e-01 -3.2583692428e-01 3.0018733955e+00
42 36 23
2 1 174 117.5200 -57.9900 2 174 117.5200 -57.9900
-3.1204318217e-01 -3.2557535655e-01 3.0006193249e+00
206 198 161
2 1 175 -56.1300 -57.9700 2 175 -56.1300 -57.9700
-3.4595068036e-01 -3.2458426024e-01 3.0007189224e+00
223 197 150
2 1 176 -62.2200 -57.7900 2 176 -62.2200 -57.7900
4.6708339535e-01 -3.2234046783e-01 3.0010263343e+00
212 195 175
2 1 177 83.8300 -57.3800 2 177 83.8300 -57.3800
4.6708339535e-01 -3.2234046783e-01 3.0010263343e+00
212 195 175
2 1 178 83.8300 -57.3800 2 178 83.8300 -57.3800
1.0606611629e-01 -3.1984752400e-01 3.0001757013e+00
222 194 138
2 1 179 18.9900 -56.9500 2 179 18.9900 -56.9500
6.9555510357e-02 -3.1589097453e-01 3.0001450417e+00
249 210 158
2 1 180 12.4300 -56.2400 2 180 12.4300 -56.2400
-7.4709504122e-01 -3.1053129032e-01 3.0025656430e+00
134 138 111
2 1 181 -134.2100 -55.2300 2 181 -134.2100 -55.2300
8.6734374374e-01 -3.1048362721e-01 3.0030804792e+00
200 187 180
2 1 182 155.6100 -55.2100 2 182 155.6100 -55.2100
8.6734374374e-01 -3.1048362721e-01 3.0030804792e+00
200 187 180
2 1 183 155.6100 -55.2100 2 183 155.6100 -55.2100
4.7888326911e-01 -3.1014630363e-01 3.0010528315e+00
68 42 22
2 1 184 85.9500 -55.1900 2 184 85.9500 -55.1900
-4.7297330053e-01 -3.1026569022e-01 3.0011585806e+00
48 32 14
2 1 185 -85.0300 -55.2100 2 185 -85.0300 -55.2100
-6.2977145657e-01 -3.0561125181e-01 3.0018938168e+00
180 173 155
2 1 186 -113.1700 -54.3600 2 186 -113.1700 -54.3600
7.9460766721e-01 -3.0296506320e-01 3.0026224171e+00
145 140 136
2 1 187 142.5800 -53.8700 2 187 142.5800 -53.8700
7.7708337032e-01 -3.0016721877e-01 3.0025150864e+00
28 23 19
2 1 188 139.4400 -53.3700 2 188 139.4400 -53.3700
1.2014243462e-01 -3.0052605017e-01 3.0001550105e+00
224 202 153
2 1 189 21.5200 -53.4800 2 189 21.5200 -53.4800
1.2014243462e-01 -3.0052605017e-01 3.0001550105e+00
224 202 153
2 1 190 21.5200 -53.4800 2 190 21.5200 -53.4800
2.3083975834e-02 -3.0035352291e-01 3.0001055671e+00
213 198 156
2 1 191 4.0800 -53.4500 2 191 4.0800 -53.4500
-7.0242598914e-02 -2.9979988947e-01 3.0001365469e+00
220 202 157
2 1 192 -12.6900 -53.3500 2 192 -12.6900 -53.3500
6.4740168574e-01 -2.9518738188e-01 3.0017941912e+00
71 62 55
2 1 193 116.1900 -52.4900 2 193 116.1900 -52.4900
7.3629320650e-01 -2.9323203907e-01 3.0022713642e+00
32 29 12
2 1 194 132.1300 -52.1300 2 194 132.1300 -52.1300
-5.6738724866e-01 -2.8663777880e-01 3.0015519804e+00
157 155 140
2 1 195 -101.9800 -50.9600 2 195 -101.9800 -50.9600
-5.6738724866e-01 -2.8663777880e-01 3.0015519804e+00
157 155 140
2 1 196 -101.9800 -50.9600 2 196 -101.9800 -50.9600
-3.4453422631e-01 -2.8303846792e-01 3.0006495377e+00
95 82 63
2 1 197 -61.9700 -50.3300 2 197 -61.9700 -50.3300
-2.7472163969e-01 -2.8134808195e-01 3.0004481836e+00
87 56 39
2 1 198 -49.4300 -50.0300 2 198 -49.4300 -50.0300
7.1502438363e-01 -2.7878809973e-01 3.0021364214e+00
33 28 17
2 1 199 128.3200 -49.5400 2 199 128.3200 -49.5400
6.5357265077e-01 -2.7925661402e-01 3.0018072991e+00
233 221 201
2 1 200 117.3000 -49.6300 2 200 117.3000 -49.6300
6.5357265077e-01 -2.7925661402e-01 3.0018072991e+00
233 221 201
2 1 201 117.3000 -49.6300 2 201 117.3000 -49.6300
-1.2232935468e-01 -2.7870257524e-01 3.0001556698e+00
111 82 34
2 1 202 -22.0500 -49.5600 2 202 -22.0500 -49.5600
5.1514477000e-02 -2.3822150862e-01 3.0000256165e+00
209 194 152
2 1 203 9.1900 -42.2900 2 203 9.1900 -42.2900
-5.0160440005e-01 -2.3882387667e-01 3.0011934270e+00
83 73 52
2 1 204 -90.1800 -42.3800 2 204 -90.1800 -42.3800
-6.1031215751e-01 -2.4209942378e-01 3.0017211256e+00
58 40 17
2 1 205 -109.6900 -42.9600 2 205 -109.6900 -42.9600
-2.2355189961e-01 -2.3701888051e-01 3.0002729098e+00
208 189 177
2 1 206 -40.2400 -42.0700 2 206 -40.2400 -42.0700
-2.2355189961e-01 -2.3701888051e-01 3.0002729098e+00
208 189 177
2 1 207 -40.2400 -42.0700 2 207 -40.2400 -42.0700
-1.7557705070e-01 -2.3149980483e-01 3.0001749495e+00
217 216 215
2 1 208 -31.6200 -41.0800 2 208 -31.6200 -41.0800
6.1654379702e-01 -2.1178435665e-01 3.0015610100e+00
114 103 98
2 1 209 110.6700 -37.5200 2 209 110.6700 -37.5200
-6.1266678926e-01 -1.9493032700e-01 3.0017011481e+00
34 15 0
2 1 210 -110.1200 -34.4900 2 210 -110.1200 -34.4900
-6.1266678926e-01 -1.9493032700e-01 3.0017011481e+00
34 15 0
2 1 211 -110.1200 -34.4900 2 211 -110.1200 -34.4900
-4.1992386372e-01 -1.8690627283e-01 3.0008175703e+00
203 204 204
2 1 212 -75.5200 -33.0600 2 212 -75.5200 -33.0600
9.3962550716e-02 -1.7883230872e-01 2.9999969480e+00
20 19 3
2 1 213 16.8200 -31.6200 2 213 16.8200 -31.6200
7.1257308968e-02 -1.5367654180e-01 2.9999704231e+00
84 75 44
2 1 214 12.7400 -27.1000 2 214 12.7400 -27.1000
8.4799094005e-01 -1.4680992477e-01 3.0028736266e+00
80 53 15
2 1 215 152.1800 -25.8400 2 215 152.1800 -25.8400
6.8789765428e-01 -1.4859816505e-01 3.0019140309e+00
95 75 56
2 1 216 123.4800 -26.1700 2 216 123.4800 -26.1700
7.8465227439e-01 -1.3949264579e-01 3.0024764887e+00
100 82 49
2 1 217 140.8300 -24.5300 2 217 140.8300 -24.5300
7.8465227439e-01 -1.3949264579e-01 3.0024764887e+00
100 82 49
2 1 218 140.8300 -24.5300 2 218 140.8300 -24.5300
7.8465227439e-01 -1.3949264579e-01 3.0024764887e+00
100 82 49
2 1 219 140.8300 -24.5300 2 219 140.8300 -24.5300
6.8290726614e-01 -1.1646561531e-01 3.0018887244e+00
57 40 30
2 1 220 122.5900 -20.4000 2 220 122.5900 -20.4000
-8.5019844638e-01 -1.1626650709e-01 3.0031385647e+00
94 90 97
2 1 221 -152.7300 -20.3500 2 221 -152.7300 -20.3500
-4.3580980940e-01 -1.1543805455e-01 3.0008614215e+00
167 190 221
2 1 222 -78.3800 -20.2200 2 222 -78.3800 -20.2200
-8.5933705616e-01 -1.0290158920e-01 3.0032061415e+00
203 206 217
2 1 223 -154.3700 -17.9500 2 223 -154.3700 -17.9500
-6.6875180075e-01 -7.3233091937e-02 3.0020124339e+00
186 189 208
2 1 224 -120.2000 -12.6300 2 224 -120.2000 -12.6300
-8.5646448811e-01 -7.2936511494e-02 3.0032024635e+00
188 194 213
2 1 225 -153.8600 -12.5700 2 225 -153.8600 -12.5700
-8.7747438865e-01 -3.9914306632e-02 3.0033747108e+00
152 159 183
2 1 226 -157.6300 -6.6400 2 226 -157.6300 -6.6400
-7.9361804629e-01 -3.4445942850e-02 3.0028098416e+00
100 130 169
2 1 227 -142.6000 -5.6600 2 227 -142.6000 -5.6600
-8.0912073165e-01 -2.9492026902e-02 3.0029169137e+00
144 175 215
2 1 228 -145.3800 -4.7700 2 228 -145.3800 -4.7700
7.6100425078e-01 -1.0903102668e-02 3.0024081640e+00
222 213 219
2 1 229 136.6100 -1.4400 2 229 136.6100 -1.4400
7.9658454971e-01 -1.7157449042e-03 3.0026376331e+00
213 219 235
2 1 230 142.9900 0.2100 2 230 142.9900 0.2100
-7.9795373510e-01 8.5758697467e-02 3.0030077321e+00
156 189 222
2 1 231 -143.3900 15.9300 2 231 -143.3900 15.9300
-8.7463761284e-01 1.3476869299e-01 3.0036362826e+00
151 172 210
2 1 232 -157.1400 24.7300 2 232 -157.1400 24.7300
-8.7463761284e-01 1.3476869299e-01 3.0036362826e+00
151 172 210
2 1 233 -157.1400 24.7300 2 233 -157.1400 24.7300
-4.2132658183e-02 2.6691770778e-01 3.0006228208e+00
220 213 161
2 1 234 -7.6400 48.5100 2 234 -7.6400 48.5100
1.2089427606e-01 3.5175675648e-01 3.0009928321e+00
216 215 172
2 1 235 21.6700 63.7600 2 235 21.6700 63.7600
