# Bundle file v0.3
8 236
0 0 0
0 0 0
0 0 0
0 0 0
0 0 0
5.3200000000e+02 0.0000000000e+00 0.0000000000e+00
1.0000000000e+00 0.0000000000e+00 0.0000000000e+00
0.0000000000e+00 1.0000000000e+00 0.0000000000e+00
0.0000000000e+00 0.0000000000e+00 1.0000000000e+00
-0.0000000000e+00 -0.0000000000e+00 -0.0000000000e+00
5.3200000000e+02 0.0000000000e+00 0.0000000000e+00
1.0000000000e+00 0.0000000000e+00 0.0000000000e+00
0.0000000000e+00 1.0000000000e+00 0.0000000000e+00
0.0000000000e+00 0.0000000000e+00 1.0000000000e+00
-0.0000000000e+00 -0.0000000000e+00 -0.0000000000e+00
0 0 0
0 0 0
0 0 0
0 0 0
0 0 0
0 0 0
0 0 0
0 0 0
0 0 0
0 0 0
0 0 0
0 0 0
0 0 0
0 0 0
0 0 0
0 0 0
0 0 0
0 0 0
0 0 0
0 0 0
0 0 0
0 0 0
0 0 0
0 0 0
0 0 0
2.5500000688e-01 2.3571430292e-01 3.0000000000e+00
141 171 199
2 1 0 45.2200 41.8000 2 0 45.2200 41.8000
2.5500000688e-01 2.3571430292e-01 3.0000000000e+00
141 171 199
2 1 1 45.2200 41.8000 2 1 45.2200 41.8000
5.3593981176e-01 -2.7834586810e-01 3.0000000000e+00
77 58 51
2 1 2 95.0400 -49.3600 2 2 95.0400 -49.3600
-4.5546990588e-01 -2.8212405327e-01 3.0000000000e+00
68 48 25
2 1 3 -80.7700 -50.0300 2 3 -80.7700 -50.0300
3.4077063539e-01 -2.3994362623e-01 3.0000000000e+00
205 217 229
2 1 4 60.4300 -42.5500 2 4 60.4300 -42.5500
-4.2067707033e-02 -2.5031954543e-01 3.0000000000e+00
214 205 154
2 1 5 -7.4600 -44.3900 2 5 -7.4600 -44.3900
-7.8445489066e-01 -1.0528194456e-01 3.0000000000e+00
197 208 225
2 1 6 -139.1100 -18.6700 2 6 -139.1100 -18.6700
-1.2343984618e-01 2.5962406531e-01 3.0000000000e+00
121 154 196
2 1 7 -21.8900 46.0400 2 7 -21.8900 46.0400
-2.0763157723e-01 -2.7969923952e-01 3.0000000000e+00
139 93 42
2 1 8 -36.8200 -49.6000 2 8 -36.8200 -49.6000
-7.2998118580e-01 -2.4016915228e-01 3.0000000000e+00
45 41 31
2 1 9 -129.4500 -42.5900 2 9 -129.4500 -42.5900
7.7548865985e-01 -7.8890965397e-02 3.0000000000e+00
118 85 31
2 1 10 137.5200 -13.9900 2 10 137.5200 -13.9900
-1.2524439876e-01 -6.9417279466e-02 3.0000000000e+00
123 173 208
2 1 11 -22.2100 -12.3100 2 11 -22.2100 -12.3100
1.4210524595e-01 -2.8618421053e-01 3.0000000000e+00
224 206 162
2 1 12 25.2000 -50.7500 2 12 25.2000 -50.7500
-2.6453009584e-01 -3.1229326062e-01 3.0000000000e+00
127 96 52
2 1 13 -46.9100 -55.3800 2 13 -46.9100 -55.3800
-2.6453009584e-01 -3.1229326062e-01 3.0000000000e+00
127 96 52
2 1 14 -46.9100 -55.3800 2 14 -46.9100 -55.3800
-3.1404136715e-01 -2.4259396603e-01 3.0000000000e+00
223 223 230
2 1 15 -55.6900 -43.0200 2 15 -55.6900 -43.0200
6.5396617230e-01 -1.6443611088e-01 3.0000000000e+00
219 227 229
2 1 16 115.9700 -29.1600 2 16 115.9700 -29.1600
-6.2171052632e-01 1.2462400852e-02 3.0000000000e+00
124 174 216
2 1 17 -110.2500 2.2100 2 17 -110.2500 2.2100
6.9095863973e-01 -2.2370299719e-01 3.0000000000e+00
33 25 6
2 1 18 122.5300 -39.6700 2 18 122.5300 -39.6700
4.4080826035e-01 -2.0137217529e-01 3.0000000000e+00
212 221 230
2 1 19 78.1700 -35.7100 2 19 78.1700 -35.7100
-8.1659773059e-01 -1.8462404810e-01 3.0000000000e+00
218 227 232
2 1 20 -144.8100 -32.7400 2 20 -144.8100 -32.7400
5.2533836652e-01 -1.5321427539e-01 3.0000000000e+00
127 118 121
2 1 21 93.1600 -27.1700 2 21 93.1600 -27.1700
-5.2296991277e-01 -3.8588341734e-01 3.0000000000e+00
77 80 40
2 1 22 -92.7400 -68.4300 2 22 -92.7400 -68.4300
-1.7830824314e-01 -3.7150378693e-01 3.0000000000e+00
234 201 135
2 1 23 -31.6200 -65.8800 2 23 -31.6200 -65.8800
4.4069545430e-01 -3.3180449063e-01 3.0000000000e+00
58 50 30
2 1 24 78.1500 -58.8400 2 24 78.1500 -58.8400
2.6915411125e-01 -3.2994357805e-01 3.0000000000e+00
43 31 22
2 1 25 47.7300 -58.5100 2 25 47.7300 -58.5100
8.0526308906e-02 -3.1968046490e-01 3.0000000000e+00
242 203 145
2 1 26 14.2800 -56.6900 2 26 14.2800 -56.6900
-1.5394738563e-01 -2.6092103370e-01 3.0000000000e+00
89 59 35
2 1 27 -27.3000 -46.2700 2 27 -27.3000 -46.2700
5.3238723870e-01 -2.3481202663e-01 3.0000000000e+00
69 47 30
2 1 28 94.4100 -41.6400 2 28 94.4100 -41.6400
5.3238723870e-01 -2.3481202663e-01 3.0000000000e+00
69 47 30
2 1 29 94.4100 -41.6400 2 29 94.4100 -41.6400
6.8892864715e-01 -2.2031954715e-01 3.0000000000e+00
56 47 28
2 1 30 122.1700 -39.0700 2 30 122.1700 -39.0700
4.4097742640e-01 -2.0678570396e-01 3.0000000000e+00
214 223 230
2 1 31 78.2000 -36.6700 2 31 78.2000 -36.6700
-4.0229321243e-01 -1.8231204040e-01 3.0000000000e+00
186 210 231
2 1 32 -71.3400 -32.3300 2 32 -71.3400 -32.3300
5.2454889627e-01 -1.5343984446e-01 3.0000000000e+00
121 113 116
2 1 33 93.0200 -27.2100 2 33 93.0200 -27.2100
5.2454889627e-01 -1.5343984446e-01 3.0000000000e+00
121 113 116
2 1 34 93.0200 -27.2100 2 34 93.0200 -27.2100
-7.5907895081e-01 -1.2704886530e-01 3.0000000000e+00
211 222 234
2 1 35 -134.6100 -22.5300 2 35 -134.6100 -22.5300
-8.2640979165e-01 1.1554514376e-01 3.0000000000e+00
133 169 209
2 1 36 -146.5500 20.4900 2 36 -146.5500 20.4900
2.4907893704e-01 -3.2689850312e-01 3.0000000000e+00
42 36 31
2 1 37 44.1700 -57.9700 2 37 44.1700 -57.9700
-1.4046994546e-01 -3.2780077941e-01 3.0000000000e+00
84 59 33
2 1 38 -24.9100 -58.1300 2 38 -24.9100 -58.1300
-1.4046994546e-01 -3.2780077941e-01 3.0000000000e+00
84 59 33
2 1 39 -24.9100 -58.1300 2 39 -24.9100 -58.1300
6.3293227576e-01 -3.1268795272e-01 3.0000000000e+00
41 32 28
2 1 40 112.2400 -55.4500 2 40 112.2400 -55.4500
-3.2255637377e-01 -2.8494360214e-01 3.0000000000e+00
210 222 210
2 1 41 -57.2000 -50.5300 2 41 -57.2000 -50.5300
-3.2255637377e-01 -2.8494360214e-01 3.0000000000e+00
210 222 210
2 1 42 -57.2000 -50.5300 2 42 -57.2000 -50.5300
6.4595857778e-01 -2.7101502383e-01 3.0000000000e+00
179 178 175
2 1 43 114.5500 -48.0600 2 43 114.5500 -48.0600
8.2714281584e-01 -2.4744359353e-01 3.0000000000e+00
46 36 12
2 1 44 146.6800 -43.8800 2 44 146.6800 -43.8800
-2.7518798713e-01 -2.4721802446e-01 3.0000000000e+00
219 226 231
2 1 45 -48.8000 -43.8400 2 45 -48.8000 -43.8400
4.3866537567e-01 -2.1738723525e-01 3.0000000000e+00
215 222 230
2 1 46 77.7900 -38.5500 2 46 77.7900 -38.5500
-7.6139100154e-01 -1.3065788441e-01 3.0000000000e+00
217 228 239
2 1 47 -135.0200 -23.1700 2 47 -135.0200 -23.1700
-5.2291355276e-01 -1.2806390461e-01 3.0000000000e+00
61 36 23
2 1 48 -92.7300 -22.7100 2 48 -92.7300 -22.7100
7.9781961083e-01 -1.1875938473e-01 3.0000000000e+00
72 53 25
2 1 49 141.4800 -21.0600 2 49 141.4800 -21.0600
-8.5167292545e-01 -8.9605259716e-02 3.0000000000e+00
191 207 225
2 1 50 -151.0300 -15.8900 2 50 -151.0300 -15.8900
-3.3755639442e-01 -3.4900375596e-01 3.0000000000e+00
69 67 31
2 1 51 -59.8600 -61.8900 2 51 -59.8600 -61.8900
-2.4699249841e-01 -3.3716161628e-01 3.0000000000e+00
79 50 13
2 1 52 -43.8000 -59.7900 2 52 -43.8000 -59.7900
-5.3627818688e-01 -3.3953011305e-01 3.0000000000e+00
86 98 46
2 1 53 -95.1000 -60.2100 2 53 -95.1000 -60.2100
2.8280071746e-01 -3.3016919014e-01 3.0000000000e+00
46 34 20
2 1 54 50.1500 -58.5500 2 54 50.1500 -58.5500
5.6266916605e-01 -3.2238720772e-01 3.0000000000e+00
27 17 6
2 1 55 99.7800 -57.1700 2 55 99.7800 -57.1700
8.3520668431e-01 -3.1381575506e-01 3.0000000000e+00
24 17 6
2 1 56 148.1100 -55.6500 2 56 148.1100 -55.6500
7.0161661707e-01 -3.1584583369e-01 3.0000000000e+00
50 42 30
2 1 57 124.4200 -56.0100 2 57 124.4200 -56.0100
-4.0843985134e-01 -3.1071432013e-01 3.0000000000e+00
22 4 0
2 1 58 -72.4300 -55.1000 2 58 -72.4300 -55.1000
-6.6349626125e-01 -3.0496241634e-01 3.0000000000e+00
48 46 29
2 1 59 -117.6600 -54.0800 2 59 -117.6600 -54.0800
-1.0302633988e-01 -2.9374058085e-01 3.0000000000e+00
239 218 160
2 1 60 -18.2700 -52.0900 2 60 -18.2700 -52.0900
7.4921044371e-01 -2.8330830165e-01 3.0000000000e+00
60 57 36
2 1 61 132.8600 -50.2400 2 61 132.8600 -50.2400
3.9135352113e-02 -2.6983081846e-01 3.0000000000e+00
218 199 156
2 1 62 6.9400 -47.8500 2 62 6.9400 -47.8500
3.9135352113e-02 -2.6983081846e-01 3.0000000000e+00
218 199 156
2 1 63 6.9400 -47.8500 2 63 6.9400 -47.8500
4.6669169835e-01 -2.4372181139e-01 3.0000000000e+00
118 103 99
2 1 64 82.7600 -43.2200 2 64 82.7600 -43.2200
9.0620342054e-02 -2.0633456582e-01 3.0000000000e+00
49 50 25
2 1 65 16.0700 -36.5900 2 65 16.0700 -36.5900
-3.9219926533e-01 -1.9330826379e-01 3.0000000000e+00
206 223 230
2 1 66 -69.5500 -34.2800 2 66 -69.5500 -34.2800
8.0261270623e-01 -1.5812030591e-01 3.0000000000e+00
59 39 15
2 1 67 142.3300 -28.0400 2 67 142.3300 -28.0400
-8.0531953510e-01 -1.3240603397e-01 3.0000000000e+00
159 136 135
2 1 68 -142.8100 -23.4800 2 68 -142.8100 -23.4800
-8.0531953510e-01 -1.3240603397e-01 3.0000000000e+00
159 136 135
2 1 69 -142.8100 -23.4800 2 69 -142.8100 -23.4800
5.5635340411e-01 -1.2445488550e-01 3.0000000000e+00
220 225 227
2 1 70 98.6600 -22.0700 2 70 98.6600 -22.0700
7.0590221434e-01 -3.6315803241e-02 3.0000000000e+00
228 225 233
2 1 71 125.1800 -6.4400 2 71 125.1800 -6.4400
-5.5663533318e-01 -2.7067686382e-02 3.0000000000e+00
118 171 216
2 1 72 -98.7100 -4.8000 2 72 -98.7100 -4.8000
7.4808272742e-01 -2.2274418881e-02 3.0000000000e+00
113 81 49
2 1 73 132.6600 -3.9500 2 73 132.6600 -3.9500
-8.3531957641e-01 2.7969919649e-02 3.0000000000e+00
170 194 227
2 1 74 -148.1300 4.9600 2 74 -148.1300 4.9600
7.6082714339e-01 -3.7827068702e-01 3.0000000000e+00
70 80 16
2 1 75 134.9200 -67.0800 2 75 134.9200 -67.0800
6.7951145029e-02 -3.5966164725e-01 3.0000000000e+00
91 94 33
2 1 76 12.0500 -63.7800 2 76 12.0500 -63.7800
-3.3733082535e-01 -3.4832709176e-01 3.0000000000e+00
67 65 30
2 1 77 -59.8200 -61.7700 2 77 -59.8200 -61.7700
-2.0142857831e-01 -3.3513153765e-01 3.0000000000e+00
70 34 3
2 1 78 -35.7200 -59.4300 2 78 -35.7200 -59.4300
2.8197209638e-04 -3.3343987716e-01 3.0000000000e+00
189 177 142
2 1 79 0.0500 -59.1300 2 79 0.0500 -59.1300
7.5530076565e-01 -3.3067668829e-01 3.0000000000e+00
10 9 4
2 1 80 133.9400 -58.6400 2 80 133.9400 -58.6400
7.5530076565e-01 -3.3067668829e-01 3.0000000000e+00
10 9 4
2 1 81 133.9400 -58.6400 2 81 133.9400 -58.6400
-8.7180454570e-01 -3.2295115191e-01 3.0000000000e+00
110 124 58
2 1 82 -154.6000 -57.2700 2 82 -154.6000 -57.2700
2.0221804855e-01 -3.1550750159e-01 3.0000000000e+00
84 66 49
2 1 83 35.8600 -55.9500 2 83 35.8600 -55.9500
8.3486835222e-01 -3.1353386900e-01 3.0000000000e+00
23 16 5
2 1 84 148.0500 -55.6000 2 84 148.0500 -55.6000
8.3486835222e-01 -3.1353386900e-01 3.0000000000e+00
23 16 5
2 1 85 148.0500 -55.6000 2 85 148.0500 -55.6000
4.4734963439e-01 -3.0958643175e-01 3.0000000000e+00
56 41 27
2 1 86 79.3300 -54.9000 2 86 79.3300 -54.9000
3.2317667796e-01 -3.0868424150e-01 3.0000000000e+00
224 220 210
2 1 87 57.3100 -54.7400 2 87 57.3100 -54.7400
-7.1300753256e-01 -3.0400378005e-01 3.0000000000e+00
27 25 10
2 1 88 -126.4400 -53.9100 2 88 -126.4400 -53.9100
2.3109020147e-01 -2.9909770650e-01 3.0000000000e+00
215 218 232
2 1 89 40.9800 -53.0400 2 89 40.9800 -53.0400
-6.3270683575e-02 -2.9633460368e-01 3.0000000000e+00
219 201 155
2 1 90 -11.2200 -52.5500 2 90 -11.2200 -52.5500
-6.5255639786e-01 -2.9080831198e-01 3.0000000000e+00
37 32 26
2 1 91 -115.7200 -51.5700 2 91 -115.7200 -51.5700
8.0159770994e-01 -2.8725565287e-01 3.0000000000e+00
204 198 195
2 1 92 142.1500 -50.9400 2 92 142.1500 -50.9400
8.0159770994e-01 -2.8725565287e-01 3.0000000000e+00
204 198 195
2 1 93 142.1500 -50.9400 2 93 142.1500 -50.9400
8.4806399238e-01 -2.8432329795e-01 3.0000000000e+00
77 71 43
2 1 94 150.3900 -50.4200 2 94 150.3900 -50.4200
4.1988725591e-01 -2.8133458302e-01 3.0000000000e+00
210 218 222
2 1 95 74.4600 -49.8900 2 95 74.4600 -49.8900
-2.8584587843e-01 -2.8223685931e-01 3.0000000000e+00
61 45 38
2 1 96 -50.6900 -50.0500 2 96 -50.6900 -50.0500
8.7203015779e-01 -2.6667293749e-01 3.0000000000e+00
30 21 9
2 1 97 154.6400 -47.2900 2 97 154.6400 -47.2900
4.2191733454e-01 -2.5342106640e-01 3.0000000000e+00
22 27 34
2 1 98 74.8200 -44.9400 2 98 74.8200 -44.9400
5.8471805888e-01 -2.5133458475e-01 3.0000000000e+00
50 34 20
2 1 99 103.6900 -44.5700 2 99 103.6900 -44.5700
-1.8828947024e-01 -2.2263159788e-01 3.0000000000e+00
198 216 230
2 1 100 -33.3900 -39.4800 2 100 -33.3900 -39.4800
-7.9669172244e-01 -2.2015038110e-01 3.0000000000e+00
57 49 29
2 1 101 -141.2800 -39.0400 2 101 -141.2800 -39.0400
-2.1637219594e-01 -2.0898494864e-01 3.0000000000e+00
30 54 64
2 1 102 -38.3700 -37.0600 2 102 -38.3700 -37.0600
-2.1637219594e-01 -2.0898494864e-01 3.0000000000e+00
30 54 64
2 1 103 -38.3700 -37.0600 2 103 -38.3700 -37.0600
-2.6154133790e-01 -2.0870301957e-01 3.0000000000e+00
65 72 79
2 1 104 -46.3800 -37.0100 2 104 -46.3800 -37.0100
6.4246236471e-01 -1.9962406875e-01 3.0000000000e+00
223 222 227
2 1 105 113.9300 -35.4000 2 105 113.9300 -35.4000
-3.9253759743e-01 -1.9443610916e-01 3.0000000000e+00
208 224 228
2 1 106 -69.6100 -34.4800 2 106 -69.6100 -34.4800
-7.6787592952e-01 -1.4842105091e-01 3.0000000000e+00
232 231 229
2 1 107 -136.1700 -26.3200 2 107 -136.1700 -26.3200
5.2172934740e-01 -1.3640978820e-01 3.0000000000e+00
115 113 120
2 1 108 92.5200 -24.1900 2 108 92.5200 -24.1900
5.2172934740e-01 -1.3640978820e-01 3.0000000000e+00
115 113 120
2 1 109 92.5200 -24.1900 2 109 92.5200 -24.1900
-5.9272556735e-01 -3.1015037594e-02 3.0000000000e+00
47 42 48
2 1 110 -105.1100 -5.5000 2 110 -105.1100 -5.5000
-5.9272556735e-01 -3.1015037594e-02 3.0000000000e+00
47 42 48
2 1 111 -105.1100 -5.5000 2 111 -105.1100 -5.5000
8.5663535900e-01 -2.1203019565e-02 3.0000000000e+00
220 219 230
2 1 112 151.9100 -3.7600 2 112 151.9100 -3.7600
7.4960522186e-01 -1.9793245129e-02 3.0000000000e+00
120 87 56
2 1 113 132.9300 -3.5100 2 113 132.9300 -3.5100
-8.1727439479e-01 1.2406083874e-03 3.0000000000e+00
80 98 128
2 1 114 -144.9300 0.2200 2 114 -144.9300 0.2200
-7.1712404982e-01 -4.1396618606e-01 3.0000000000e+00
58 61 17
2 1 115 -127.1700 -73.4100 2 115 -127.1700 -73.4100
-6.4139100842e-01 -3.9879699936e-01 3.0000000000e+00
46 59 17
2 1 116 -113.7400 -70.7200 2 116 -113.7400 -70.7200
8.8471812772e-01 -3.5633460023e-01 3.0000000000e+00
103 113 52
2 1 117 156.8900 -63.1900 2 117 156.8900 -63.1900
7.4492484645e-01 -3.5503763185e-01 3.0000000000e+00
107 115 69
2 1 118 132.1000 -62.9600 2 118 132.1000 -62.9600
5.1197364635e-01 -3.4934208805e-01 3.0000000000e+00
104 108 64
2 1 119 90.7900 -61.9500 2 119 90.7900 -61.9500
-2.6734964471e-01 -3.4640973313e-01 3.0000000000e+00
93 72 31
2 1 120 -47.4100 -61.4300 2 120 -47.4100 -61.4300
3.2796994546e-01 -3.4251882797e-01 3.0000000000e+00
74 64 34
2 1 121 58.1600 -60.7400 2 121 58.1600 -60.7400
8.4400383512e-01 -3.3704889627e-01 3.0000000000e+00
34 29 22
2 1 122 149.6700 -59.7700 2 122 149.6700 -59.7700
3.5520679789e-01 -3.2171054352e-01 3.0000000000e+00
53 29 3
2 1 123 62.9900 -57.0500 2 123 62.9900 -57.0500
4.2687968204e-01 -3.1804507836e-01 3.0000000000e+00
154 137 110
2 1 124 75.7000 -56.4000 2 124 75.7000 -56.4000
4.2687968204e-01 -3.1804507836e-01 3.0000000000e+00
154 137 110
2 1 125 75.7000 -56.4000 2 125 75.7000 -56.4000
-2.9734964299e-01 -3.2013160304e-01 3.0000000000e+00
24 3 1
2 1 126 -52.7300 -56.7700 2 126 -52.7300 -56.7700
-8.6520672562e-01 -3.0338347586e-01 3.0000000000e+00
27 23 17
2 1 127 -153.4300 -53.8000 2 127 -153.4300 -53.8000
-5.9368420364e-01 -2.8483079609e-01 3.0000000000e+00
33 32 14
2 1 128 -105.2800 -50.5100 2 128 -105.2800 -50.5100
-5.5302631407e-01 -2.8144738907e-01 3.0000000000e+00
28 27 11
2 1 129 -98.0700 -49.9100 2 129 -98.0700 -49.9100
5.4687976120e-01 -2.7981204556e-01 3.0000000000e+00
48 29 21
2 1 130 96.9800 -49.6200 2 130 96.9800 -49.6200
-5.2178570740e-01 -2.5838345693e-01 3.0000000000e+00
33 25 7
2 1 131 -92.5300 -45.8200 2 131 -92.5300 -45.8200
7.5028188605e-01 -2.5432329967e-01 3.0000000000e+00
149 141 105
2 1 132 133.0500 -45.1000 2 132 133.0500 -45.1000
-1.6404133273e-01 -2.4276317510e-01 3.0000000000e+00
80 62 51
2 1 133 -29.0900 -43.0500 2 133 -29.0900 -43.0500
5.0791357514e-01 -2.3599623200e-01 3.0000000000e+00
62 43 33
2 1 134 90.0700 -41.8500 2 134 90.0700 -41.8500
1.0731202319e-01 -2.3447369454e-01 3.0000000000e+00
226 208 167
2 1 135 19.0300 -41.5800 2 135 19.0300 -41.5800
5.3768800434e-01 -2.2815788957e-01 3.0000000000e+00
70 50 30
2 1 136 95.3500 -40.4600 2 136 95.3500 -40.4600
5.3768800434e-01 -2.2815788957e-01 3.0000000000e+00
70 50 30
2 1 137 95.3500 -40.4600 2 137 95.3500 -40.4600
-8.2054508181e-01 -2.1614662687e-01 3.0000000000e+00
236 229 229
2 1 138 -145.5100 -38.3300 2 138 -145.5100 -38.3300
6.7872172191e-01 -1.8744359698e-01 3.0000000000e+00
231 224 227
2 1 139 120.3600 -33.2400 2 139 120.3600 -33.2400
9.4849665362e-02 -1.8406014693e-01 3.0000000000e+00
39 37 12
2 1 140 16.8200 -32.6400 2 140 16.8200 -32.6400
-8.5545111061e-01 -1.8016915572e-01 3.0000000000e+00
225 225 229
2 1 141 -151.7000 -31.9500 2 141 -151.7000 -31.9500
-8.5545111061e-01 -1.8016915572e-01 3.0000000000e+00
225 225 229
2 1 142 -151.7000 -31.9500 2 142 -151.7000 -31.9500
5.6390977444e-02 -1.6595864834e-01 3.0000000000e+00
226 214 174
2 1 143 10.0000 -29.4300 2 143 10.0000 -29.4300
5.4902247379e-01 -1.5501878495e-01 3.0000000000e+00
127 115 117
2 1 144 97.3600 -27.4900 2 144 97.3600 -27.4900
-5.4338346209e-01 -8.6729307820e-02 3.0000000000e+00
87 71 82
2 1 145 -96.3600 -15.3800 2 145 -96.3600 -15.3800
-5.4676691213e-01 -5.6109005347e-02 3.0000000000e+00
77 98 121
2 1 146 -96.9600 -9.9500 2 146 -96.9600 -9.9500
8.7840219369e-01 -4.1785734937e-02 3.0000000000e+00
210 219 236
2 1 147 155.7700 -7.4100 2 147 155.7700 -7.4100
-6.3631576882e-01 -3.9022546065e-02 3.0000000000e+00
65 75 81
2 1 148 -112.8400 -6.9200 2 148 -112.8400 -6.9200
8.1039468866e-01 6.2030419371e-04 3.0000000000e+00
207 214 229
2 1 149 143.7100 0.1100 2 149 143.7100 0.1100
-8.6221801069e-01 1.4774451578e-02 3.0000000000e+00
143 167 205
2 1 150 -152.9000 2.6200 2 150 -152.9000 2.6200
-8.2821425818e-01 1.0003762496e-01 3.0000000000e+00
153 167 196
2 1 151 -146.8700 17.7400 2 151 -146.8700 17.7400
1.5919170523e-01 1.3494361074e-01 3.0000000000e+00
166 178 196
2 1 152 28.2300 23.9300 2 152 28.2300 23.9300
1.4588343111e-01 -4.1199246744e-01 3.0000000000e+00
69 77 26
2 1 153 25.8700 -73.0600 2 153 25.8700 -73.0600
-1.8417295298e-01 -4.0595867759e-01 3.0000000000e+00
87 80 29
2 1 154 -32.6600 -71.9900 2 154 -32.6600 -71.9900
3.8041357169e-01 -3.9479320211e-01 3.0000000000e+00
101 93 41
2 1 155 67.4600 -70.0100 2 155 67.4600 -70.0100
4.1249996558e-01 -3.9219926533e-01 3.0000000000e+00
239 210 152
2 1 156 73.1500 -69.5500 2 156 73.1500 -69.5500
-7.8828952187e-01 -3.8159773404e-01 3.0000000000e+00
63 72 25
2 1 157 -139.7900 -67.6700 2 157 -139.7900 -67.6700
-7.8828952187e-01 -3.8159773404e-01 3.0000000000e+00
63 72 25
2 1 158 -139.7900 -67.6700 2 158 -139.7900 -67.6700
1.2163537965e-01 -3.7206764508e-01 3.0000000000e+00
105 112 52
2 1 159 21.5700 -65.9800 2 159 21.5700 -65.9800
3.2712402917e-01 -3.6084589564e-01 3.0000000000e+00
223 203 151
2 1 160 58.0100 -63.9900 2 160 58.0100 -63.9900
1.2637220110e-01 -3.5723687652e-01 3.0000000000e+00
94 94 36
2 1 161 22.4100 -63.3500 2 161 22.4100 -63.3500
-1.2874061183e-01 -3.5875937096e-01 3.0000000000e+00
219 202 151
2 1 162 -22.8300 -63.6200 2 162 -22.8300 -63.6200
-1.2874061183e-01 -3.5875937096e-01 3.0000000000e+00
219 202 151
2 1 163 -22.8300 -63.6200 2 163 -22.8300 -63.6200
8.4981244310e-02 -3.5481201975e-01 3.0000000000e+00
104 104 50
2 1 164 15.0700 -62.9200 2 164 15.0700 -62.9200
6.9925121795e-03 -3.5249996902e-01 3.0000000000e+00
83 90 39
2 1 165 1.2400 -62.5100 2 165 1.2400 -62.5100
-5.0469907603e-02 -3.4212404982e-01 3.0000000000e+00
195 189 143
2 1 166 -8.9500 -60.6700 2 166 -8.9500 -60.6700
3.0862779546e-01 -3.3733086837e-01 3.0000000000e+00
207 200 173
2 1 167 54.7300 -59.8200 2 167 54.7300 -59.8200
-1.8163537621e-01 -3.3473684555e-01 3.0000000000e+00
203 196 172
2 1 168 -32.2100 -59.3600 2 168 -32.2100 -59.3600
-1.8163537621e-01 -3.3473684555e-01 3.0000000000e+00
203 196 172
2 1 169 -32.2100 -59.3600 2 169 -32.2100 -59.3600
-9.5187997459e-02 -3.3140979853e-01 3.0000000000e+00
189 170 133
2 1 170 -16.8800 -58.7700 2 170 -16.8800 -58.7700
-4.9753761292e-01 -3.3327071111e-01 3.0000000000e+00
90 93 46
2 1 171 -88.2300 -59.1000 2 171 -88.2300 -59.1000
6.7708650747e-01 -3.2672933708e-01 3.0000000000e+00
28 22 7
2 1 172 120.0700 -57.9400 2 172 120.0700 -57.9400
6.6270670496e-01 -3.2701130917e-01 3.0000000000e+00
42 36 23
2 1 173 117.5200 -57.9900 2 173 117.5200 -57.9900
6.6270670496e-01 -3.2701130917e-01 3.0000000000e+00
42 36 23
2 1 174 117.5200 -57.9900 2 174 117.5200 -57.9900
-3.1652254090e-01 -3.2689850312e-01 3.0000000000e+00
206 198 161
2 1 175 -56.1300 -57.9700 2 175 -56.1300 -57.9700
-3.5086466854e-01 -3.2588342079e-01 3.0000000000e+00
223 197 150
2 1 176 -62.2200 -57.7900 2 176 -62.2200 -57.7900
4.7272557424e-01 -3.2357145611e-01 3.0000000000e+00
212 195 175
2 1 177 83.8300 -57.3800 2 177 83.8300 -57.3800
4.7272557424e-01 -3.2357145611e-01 3.0000000000e+00
212 195 175
2 1 178 83.8300 -57.3800 2 178 83.8300 -57.3800
1.0708649714e-01 -3.2114659933e-01 3.0000000000e+00
222 194 138
2 1 179 18.9900 -56.9500 2 179 18.9900 -56.9500
7.0093943660e-02 -3.1714288812e-01 3.0000000000e+00
249 210 158
2 1 180 12.4300 -56.2400 2 180 12.4300 -56.2400
-7.5682326009e-01 -3.1144734433e-01 3.0000000000e+00
134 138 111
2 1 181 -134.2100 -55.2300 2 181 -134.2100 -55.2300
8.7749991740e-01 -3.1133462433e-01 3.0000000000e+00
200 187 180
2 1 182 155.6100 -55.2100 2 182 155.6100 -55.2100
8.7749991740e-01 -3.1133462433e-01 3.0000000000e+00
200 187 180
2 1 183 155.6100 -55.2100 2 183 155.6100 -55.2100
4.8468043392e-01 -3.1122181828e-01 3.0000000000e+00
68 42 22
2 1 184 85.9500 -55.1900 2 184 85.9500 -55.1900
-4.7949247432e-01 -3.1133462433e-01 3.0000000000e+00
48 32 14
2 1 185 -85.0300 -55.2100 2 185 -85.0300 -55.2100
-6.3817668140e-01 -3.0654135683e-01 3.0000000000e+00
180 173 155
2 1 186 -113.1700 -54.3600 2 186 -113.1700 -54.3600
8.0402248067e-01 -3.0377816795e-01 3.0000000000e+00
145 140 136
2 1 187 142.5800 -53.8700 2 187 142.5800 -53.8700
7.8631580324e-01 -3.0095861908e-01 3.0000000000e+00
28 23 19
2 1 188 139.4400 -53.3700 2 188 139.4400 -53.3700
1.2135340755e-01 -3.0157892328e-01 3.0000000000e+00
224 202 153
2 1 189 21.5200 -53.4800 2 189 21.5200 -53.4800
1.2135340755e-01 -3.0157892328e-01 3.0000000000e+00
224 202 153
2 1 190 21.5200 -53.4800 2 190 21.5200 -53.4800
2.3007529122e-02 -3.0140975723e-01 3.0000000000e+00
213 198 156
2 1 191 4.0800 -53.4500 2 191 4.0800 -53.4500
-7.1560164143e-02 -3.0084589908e-01 3.0000000000e+00
220 202 157
2 1 192 -12.6900 -53.3500 2 192 -12.6900 -53.3500
6.5520678068e-01 -2.9599627158e-01 3.0000000000e+00
71 62 55
2 1 193 116.1900 -52.4900 2 193 116.1900 -52.4900
7.4509401250e-01 -2.9396619295e-01 3.0000000000e+00
32 29 12
2 1 194 132.1300 -52.1300 2 194 132.1300 -52.1300
-5.7507516388e-01 -2.8736845891e-01 3.0000000000e+00
157 155 140
2 1 195 -101.9800 -50.9600 2 195 -101.9800 -50.9600
-5.7507516388e-01 -2.8736845891e-01 3.0000000000e+00
157 155 140
2 1 196 -101.9800 -50.9600 2 196 -101.9800 -50.9600
-3.4945489410e-01 -2.8381579980e-01 3.0000000000e+00
95 82 63
2 1 197 -61.9700 -50.3300 2 197 -61.9700 -50.3300
-2.7874060322e-01 -2.8212405327e-01 3.0000000000e+00
87 56 39
2 1 198 -49.4300 -50.0300 2 198 -49.4300 -50.0300
7.2360906386e-01 -2.7936090742e-01 3.0000000000e+00
33 28 17
2 1 199 128.3200 -49.5400 2 199 128.3200 -49.5400
6.6146609658e-01 -2.7986840556e-01 3.0000000000e+00
233 221 201
2 1 200 117.3000 -49.6300 2 200 117.3000 -49.6300
6.6146609658e-01 -2.7986840556e-01 3.0000000000e+00
233 221 201
2 1 201 117.3000 -49.6300 2 201 117.3000 -49.6300
-1.2434212247e-01 -2.7947367044e-01 3.0000000000e+00
111 82 34
2 1 202 -22.0500 -49.5600 2 202 -22.0500 -49.5600
5.1823322038e-02 -2.3847744877e-01 3.0000000000e+00
209 194 152
2 1 203 9.1900 -42.2900 2 203 9.1900 -42.2900
-5.0853383631e-01 -2.3898494692e-01 3.0000000000e+00
83 73 52
2 1 204 -90.1800 -42.3800 2 204 -90.1800 -42.3800
-6.1855264535e-01 -2.4225563393e-01 3.0000000000e+00
58 40 17
2 1 205 -109.6900 -42.9600 2 205 -109.6900 -42.9600
-2.2691728119e-01 -2.3723684038e-01 3.0000000000e+00
208 189 177
2 1 206 -40.2400 -42.0700 2 206 -40.2400 -42.0700
-2.2691728119e-01 -2.3723684038e-01 3.0000000000e+00
208 189 177
2 1 207 -40.2400 -42.0700 2 207 -40.2400 -42.0700
-1.7830824314e-01 -2.3165414566e-01 3.0000000000e+00
217 216 215
2 1 208 -31.6200 -41.0800 2 208 -31.6200 -41.0800
6.2407902309e-01 -2.1157892844e-01 3.0000000000e+00
114 103 98
2 1 209 110.6700 -37.5200 2 209 110.6700 -37.5200
-6.2097741607e-01 -1.9449246916e-01 3.0000000000e+00
34 15 0
2 1 210 -110.1200 -34.4900 2 210 -110.1200 -34.4900
-6.2097741607e-01 -1.9449246916e-01 3.0000000000e+00
34 15 0
2 1 211 -110.1200 -34.4900 2 211 -110.1200 -34.4900
-4.2586464272e-01 -1.8642855766e-01 3.0000000000e+00
203 204 204
2 1 212 -75.5200 -33.0600 2 212 -75.5200 -33.0600
9.4849665362e-02 -1.7830828616e-01 3.0000000000e+00
20 19 3
2 1 213 16.8200 -31.6200 2 213 16.8200 -31.6200
7.1842136240e-02 -1.5281954027e-01 3.0000000000e+00
84 75 44
2 1 214 12.7400 -27.1000 2 214 12.7400 -27.1000
8.5815785343e-01 -1.4571426506e-01 3.0000000000e+00
80 53 15
2 1 215 152.1800 -25.8400 2 215 152.1800 -25.8400
6.9631585143e-01 -1.4757517764e-01 3.0000000000e+00
95 75 56
2 1 216 123.4800 -26.1700 2 216 123.4800 -26.1700
7.9415405962e-01 -1.3832706079e-01 3.0000000000e+00
100 82 49
2 1 217 140.8300 -24.5300 2 217 140.8300 -24.5300
7.9415405962e-01 -1.3832706079e-01 3.0000000000e+00
100 82 49
2 1 218 140.8300 -24.5300 2 218 140.8300 -24.5300
7.9415405962e-01 -1.3832706079e-01 3.0000000000e+00
100 82 49
2 1 219 140.8300 -24.5300 2 219 140.8300 -24.5300
6.9129697183e-01 -1.1503760259e-01 3.0000000000e+00
57 40 30
2 1 220 122.5900 -20.4000 2 220 122.5900 -20.4000
-8.6125937440e-01 -1.1475563049e-01 3.0000000000e+00
94 90 97
2 1 221 -152.7300 -20.3500 2 221 -152.7300 -20.3500
-4.4199246571e-01 -1.1402256327e-01 3.0000000000e+00
167 190 221
2 1 222 -78.3800 -20.2200 2 222 -78.3800 -20.2200
-8.7050749126e-01 -1.0122178730e-01 3.0000000000e+00
203 206 217
2 1 223 -154.3700 -17.9500 2 223 -154.3700 -17.9500
-6.7781953166e-01 -7.1221789023e-02 3.0000000000e+00
186 189 208
2 1 224 -120.2000 -12.6300 2 224 -120.2000 -12.6300
-8.6763158239e-01 -7.0883456926e-02 3.0000000000e+00
188 194 213
2 1 225 -153.8600 -12.5700 2 225 -153.8600 -12.5700
-8.8889100498e-01 -3.7443605581e-02 3.0000000000e+00
152 159 183
2 1 226 -157.6300 -6.6400 2 226 -157.6300 -6.6400
-8.0413537276e-01 -3.1917313884e-02 3.0000000000e+00
100 130 169
2 1 227 -142.6000 -5.6600 2 227 -142.6000 -5.6600
-8.1981205761e-01 -2.6898477311e-02 3.0000000000e+00
144 175 215
2 1 228 -145.3800 -4.7700 2 228 -145.3800 -4.7700
7.7035706025e-01 -8.1203145192e-03 3.0000000000e+00
222 213 219
2 1 229 136.6100 -1.4400 2 229 136.6100 -1.4400
8.0633453140e-01 1.1842053636e-03 3.0000000000e+00
213 219 235
2 1 230 142.9900 0.2100 2 230 142.9900 0.2100
-8.0859022212e-01 8.9830828789e-02 3.0000000000e+00
156 189 222
2 1 231 -143.3900 15.9300 2 231 -143.3900 15.9300
-8.8612781611e-01 1.3945486313e-01 3.0000000000e+00
151 172 210
2 1 232 -157.1400 24.7300 2 232 -157.1400 24.7300
-8.8612781611e-01 1.3945486313e-01 3.0000000000e+00
151 172 210
2 1 233 -157.1400 24.7300 2 233 -157.1400 24.7300
-4.3082703325e-02 2.7355264363e-01 3.0000000000e+00
220 213 161
2 1 234 -7.6400 48.5100 2 234 -7.6400 48.5100
1.2219923779e-01 3.5954884120e-01 3.0000000000e+00
216 215 172
2 1 235 21.6700 63.7600 2 235 21.6700 63.7600
